<?xml version="1.0" encoding="UTF-8"?>
<testsuite xmlns:xsi="http://www.w3.org/2001/XMLSchema-instance" xsi:noNamespaceSchemaLocation="https://maven.apache.org/surefire/maven-surefire-plugin/xsd/surefire-test-report-3.0.xsd" version="3.0" name="runners.TestRunner" time="348.47" tests="15" errors="0" skipped="0" failures="1">
  <properties>
[...]
</properties>
  <testcase name="runScenario[&quot;Add product to cart&quot;, &quot;Cart Functionality&quot;](1)" classname="runners.TestRunner" time="36.456">
    <failure message="❌ Product was not found in the cart after adding expected [true] but found [false]" type="java.lang.AssertionError"><![CDATA[java.lang.AssertionError: ❌ Product was not found in the cart after adding expected [true] but found [false]
	at org.testng.Assert.fail(Assert.java:111)
	at org.testng.Assert.failNotEquals(Assert.java:1578)
	at org.testng.Assert.assertTrue(Assert.java:57)
	at stepdefinitions.CartSteps.product_should_appear_in_cart(CartSteps.java:29)
	at ✽.Product should appear in cart(file:///C:/Users/rezau/eclipse-workspace/qaBrainSauceLabAutomation/src/test/resources/features/CartCheckout.feature:10)
]]></failure>
    <system-out><![CDATA[
@smoke @regression
Scenario: Add product to cart         # src/test/resources/features/CartCheckout.feature:7
✅ Sauce Labs connected: oauth-rezaacca12-890df
Application launched
  Given User launches the application # stepdefinitions.CommonSteps.user_launches_the_application()
  When User adds products to cart     # stepdefinitions.CartSteps.user_adds_products_to_cart()
  Then Product should appear in cart  # stepdefinitions.CartSteps.product_should_appear_in_cart()
      java.lang.AssertionError: â�Œ Product was not found in the cart after adding expected [true] but found [false]
	at org.testng.Assert.fail(Assert.java:111)
	at org.testng.Assert.failNotEquals(Assert.java:1578)
	at org.testng.Assert.assertTrue(Assert.java:57)
	at stepdefinitions.CartSteps.product_should_appear_in_cart(CartSteps.java:29)
	at âœ½.Product should appear in cart(file:///C:/Users/rezau/eclipse-workspace/qaBrainSauceLabAutomation/src/test/resources/features/CartCheckout.feature:10)

]]></system-out>
    <system-err><![CDATA[[main] INFO io.github.bonigarcia.wdm.WebDriverManager - Using chromedriver 147.0.7727.117 (resolved driver for Chrome 147)
[main] INFO io.github.bonigarcia.wdm.WebDriverManager - Exporting webdriver.chrome.driver as C:\Users\rezau\.cache\selenium\chromedriver\win64\147.0.7727.117\chromedriver.exe
May 01, 2026 10:13:49 PM org.openqa.selenium.devtools.CdpVersionFinder findNearestMatch
WARNING: Unable to find CDP implementation matching 147
May 01, 2026 10:13:49 PM org.openqa.selenium.chromium.ChromiumDriver lambda$new$5
WARNING: Unable to find version of CDP to use for 147.0.7727.138. You may need to include a dependency on a specific version of the CDP using something similar to `org.seleniumhq.selenium:selenium-devtools-v86:4.25.0` where the version ("v86") matches the version of the chromium-based browser you're using and the version number of the artifact is the same as Selenium's.
May 01, 2026 10:13:49 PM org.openqa.selenium.remote.tracing.opentelemetry.OpenTelemetryTracer createTracer
INFO: Using OpenTelemetry for tracing
]]></system-err>
  </testcase>
  <testcase name="runScenario[&quot;Remove product from cart&quot;, &quot;Cart Functionality&quot;](2)" classname="runners.TestRunner" time="43.17">
    <system-out><![CDATA[
@smoke @regression
Scenario: Remove product from cart    # src/test/resources/features/CartCheckout.feature:13
✅ Sauce Labs connected: oauth-rezaacca12-890df
Application launched
  Given User launches the application # stepdefinitions.CommonSteps.user_launches_the_application()
  When User adds products to cart     # stepdefinitions.CartSteps.user_adds_products_to_cart()
  And User removes product from cart  # stepdefinitions.CartSteps.user_removes_product_from_cart()
  Then Cart should be empty           # stepdefinitions.CartSteps.cart_should_be_empty()
]]></system-out>
    <system-err><![CDATA[[main] INFO io.github.bonigarcia.wdm.WebDriverManager - Using chromedriver 147.0.7727.117 (resolved driver for Chrome 147)
[main] INFO io.github.bonigarcia.wdm.WebDriverManager - Exporting webdriver.chrome.driver as C:\Users\rezau\.cache\selenium\chromedriver\win64\147.0.7727.117\chromedriver.exe
May 01, 2026 10:14:25 PM org.openqa.selenium.devtools.CdpVersionFinder findNearestMatch
WARNING: Unable to find CDP implementation matching 147
May 01, 2026 10:14:25 PM org.openqa.selenium.chromium.ChromiumDriver lambda$new$5
WARNING: Unable to find version of CDP to use for 147.0.7727.138. You may need to include a dependency on a specific version of the CDP using something similar to `org.seleniumhq.selenium:selenium-devtools-v86:4.25.0` where the version ("v86") matches the version of the chromium-based browser you're using and the version number of the artifact is the same as Selenium's.
]]></system-err>
  </testcase>
  <testcase name="runScenario[&quot;Registered user can reset password&quot;, &quot;Forgot Password functionality&quot;](3)" classname="runners.TestRunner" time="16.921">
    <system-out><![CDATA[
@smoke @regression @ForgotPassword
Scenario: Registered user can reset password                            # src/test/resources/features/ForgotPassword.feature:4
✅ Sauce Labs connected: oauth-rezaacca12-890df
  Given User is on Forgot Password page                                 # stepdefinitions.ForgotPasswordSteps.userIsOnForgotPasswordPage()
  When User enters registered email "rezaulkarimqa25@gmail.com"         # stepdefinitions.ForgotPasswordSteps.userEntersRegisteredEmail(java.lang.String)
  And User clicks on Submit button                                      # stepdefinitions.ForgotPasswordSteps.userClicksOnSubmitButton()
  Then User should see success message "Password is reset successfully" # stepdefinitions.ForgotPasswordSteps.userShouldSeeSuccessMessage(java.lang.String)
]]></system-out>
    <system-err><![CDATA[[main] INFO io.github.bonigarcia.wdm.WebDriverManager - Using chromedriver 147.0.7727.117 (resolved driver for Chrome 147)
[main] INFO io.github.bonigarcia.wdm.WebDriverManager - Exporting webdriver.chrome.driver as C:\Users\rezau\.cache\selenium\chromedriver\win64\147.0.7727.117\chromedriver.exe
May 01, 2026 10:15:08 PM org.openqa.selenium.devtools.CdpVersionFinder findNearestMatch
WARNING: Unable to find CDP implementation matching 147
May 01, 2026 10:15:08 PM org.openqa.selenium.chromium.ChromiumDriver lambda$new$5
WARNING: Unable to find version of CDP to use for 147.0.7727.138. You may need to include a dependency on a specific version of the CDP using something similar to `org.seleniumhq.selenium:selenium-devtools-v86:4.25.0` where the version ("v86") matches the version of the chromium-based browser you're using and the version number of the artifact is the same as Selenium's.
]]></system-err>
  </testcase>
  <testcase name="runScenario[&quot;Unregistered user cannot reset password&quot;, &quot;Forgot Password functionality&quot;](4)" classname="runners.TestRunner" time="67.277">
    <system-out><![CDATA[
@regression @ForgotPassword
Scenario: Unregistered user cannot reset password                                                                               # src/test/resources/features/ForgotPassword.feature:11
✅ Sauce Labs connected: oauth-rezaacca12-890df
  Given User is on Forgot Password page                                                                                         # stepdefinitions.ForgotPasswordSteps.userIsOnForgotPasswordPage()
  When User enters unregistered email "rezaulkarimqa25gmail.com"                                                                # stepdefinitions.ForgotPasswordSteps.userEntersUnregisteredEmail(java.lang.String)
  And User clicks on Submit button                                                                                              # stepdefinitions.ForgotPasswordSteps.userClicksOnSubmitButton()
✅ HTML5 ERROR: 'Please include an '@' in the email address. 'rezaulkarimqa25gmail.com' is missing an '@'.'
  Then User should see error message "Please include an '@' sign in the email address.'rezaulkarimgmail.com' is missing an'@'." # stepdefinitions.ForgotPasswordSteps.userShouldSeeErrorMessage(java.lang.String)
]]></system-out>
    <system-err><![CDATA[[main] INFO io.github.bonigarcia.wdm.WebDriverManager - Using chromedriver 147.0.7727.117 (resolved driver for Chrome 147)
[main] INFO io.github.bonigarcia.wdm.WebDriverManager - Exporting webdriver.chrome.driver as C:\Users\rezau\.cache\selenium\chromedriver\win64\147.0.7727.117\chromedriver.exe
May 01, 2026 10:15:25 PM org.openqa.selenium.devtools.CdpVersionFinder findNearestMatch
WARNING: Unable to find CDP implementation matching 147
May 01, 2026 10:15:25 PM org.openqa.selenium.chromium.ChromiumDriver lambda$new$5
WARNING: Unable to find version of CDP to use for 147.0.7727.138. You may need to include a dependency on a specific version of the CDP using something similar to `org.seleniumhq.selenium:selenium-devtools-v86:4.25.0` where the version ("v86") matches the version of the chromium-based browser you're using and the version number of the artifact is the same as Selenium's.
]]></system-err>
  </testcase>
  <testcase name="runScenario[&quot;Login with valid credentials&quot;, &quot;Login Functionality&quot;](5)" classname="runners.TestRunner" time="16.076">
    <system-out><![CDATA[
@smoke @regression @Login
Scenario: Login with valid credentials         # src/test/resources/features/Login.feature:7
✅ Sauce Labs connected: oauth-rezaacca12-890df
Application launched
  Given User launches the application          # stepdefinitions.CommonSteps.user_launches_the_application()
  When User enters valid username and password # stepdefinitions.LoginSteps.user_enters_valid_username_and_password()
✅ Success Message: Congratulations. You have successfully logged in. When you are done click logout below.
✅ Login Success Status: true
  Then User should be logged in successfully   # stepdefinitions.LoginSteps.user_should_be_logged_in_successfully()
]]></system-out>
    <system-err><![CDATA[[main] INFO io.github.bonigarcia.wdm.WebDriverManager - Using chromedriver 147.0.7727.117 (resolved driver for Chrome 147)
[main] INFO io.github.bonigarcia.wdm.WebDriverManager - Exporting webdriver.chrome.driver as C:\Users\rezau\.cache\selenium\chromedriver\win64\147.0.7727.117\chromedriver.exe
May 01, 2026 10:16:32 PM org.openqa.selenium.devtools.CdpVersionFinder findNearestMatch
WARNING: Unable to find CDP implementation matching 147
May 01, 2026 10:16:32 PM org.openqa.selenium.chromium.ChromiumDriver lambda$new$5
WARNING: Unable to find version of CDP to use for 147.0.7727.138. You may need to include a dependency on a specific version of the CDP using something similar to `org.seleniumhq.selenium:selenium-devtools-v86:4.25.0` where the version ("v86") matches the version of the chromium-based browser you're using and the version number of the artifact is the same as Selenium's.
]]></system-err>
  </testcase>
  <testcase name="runScenario[&quot;Login with invalid credentials&quot;, &quot;Login Functionality&quot;](6)" classname="runners.TestRunner" time="23.654">
    <system-out><![CDATA[
@regression @Login
Scenario: Login with invalid credentials         # src/test/resources/features/Login.feature:13
✅ Sauce Labs connected: oauth-rezaacca12-890df
Application launched
  Given User launches the application            # stepdefinitions.CommonSteps.user_launches_the_application()
  When User enters invalid username and password # stepdefinitions.LoginSteps.user_enters_invalid_username_and_password()
🔴 Error Message: Your email and password both are invalid!
🔴 Error Display Status: true
  Then Error message should be displayed         # stepdefinitions.LoginSteps.error_message_should_be_displayed()
]]></system-out>
    <system-err><![CDATA[[main] INFO io.github.bonigarcia.wdm.WebDriverManager - Using chromedriver 147.0.7727.117 (resolved driver for Chrome 147)
[main] INFO io.github.bonigarcia.wdm.WebDriverManager - Exporting webdriver.chrome.driver as C:\Users\rezau\.cache\selenium\chromedriver\win64\147.0.7727.117\chromedriver.exe
May 01, 2026 10:16:48 PM org.openqa.selenium.devtools.CdpVersionFinder findNearestMatch
WARNING: Unable to find CDP implementation matching 147
May 01, 2026 10:16:48 PM org.openqa.selenium.chromium.ChromiumDriver lambda$new$5
WARNING: Unable to find version of CDP to use for 147.0.7727.138. You may need to include a dependency on a specific version of the CDP using something similar to `org.seleniumhq.selenium:selenium-devtools-v86:4.25.0` where the version ("v86") matches the version of the chromium-based browser you're using and the version number of the artifact is the same as Selenium's.
]]></system-err>
  </testcase>
  <testcase name="runScenario[&quot;Logged in user should be able to logout&quot;, &quot;Logout Functionality&quot;](7)" classname="runners.TestRunner" time="18.484">
    <system-out><![CDATA[
@smoke @regression @Logout
Scenario: Logged in user should be able to logout # src/test/resources/features/Logout.feature:4
✅ Sauce Labs connected: oauth-rezaacca12-890df
Application launched
  Given User launches the application             # stepdefinitions.CommonSteps.user_launches_the_application()
✅ Success Message: Congratulations. You have successfully logged in. When you are done click logout below.
  And User is logged in                           # stepdefinitions.LogoutSteps.user_is_logged_in()
  When User clicks on logout button               # stepdefinitions.LogoutSteps.user_clicks_on_logout_button()
  Then User should be logged out successfully     # stepdefinitions.LogoutSteps.user_should_be_logged_out_successfully()
]]></system-out>
    <system-err><![CDATA[[main] INFO io.github.bonigarcia.wdm.WebDriverManager - Using chromedriver 147.0.7727.117 (resolved driver for Chrome 147)
[main] INFO io.github.bonigarcia.wdm.WebDriverManager - Exporting webdriver.chrome.driver as C:\Users\rezau\.cache\selenium\chromedriver\win64\147.0.7727.117\chromedriver.exe
May 01, 2026 10:17:12 PM org.openqa.selenium.devtools.CdpVersionFinder findNearestMatch
WARNING: Unable to find CDP implementation matching 147
May 01, 2026 10:17:12 PM org.openqa.selenium.chromium.ChromiumDriver lambda$new$5
WARNING: Unable to find version of CDP to use for 147.0.7727.138. You may need to include a dependency on a specific version of the CDP using something similar to `org.seleniumhq.selenium:selenium-devtools-v86:4.25.0` where the version ("v86") matches the version of the chromium-based browser you're using and the version number of the artifact is the same as Selenium's.
]]></system-err>
  </testcase>
  <testcase name="runScenario[&quot;User should be able to register successfully with a valid email&quot;, &quot;User Registration&quot;](8)" classname="runners.TestRunner" time="18.96">
    <system-out><![CDATA[
@smoke @regression @Registration
Scenario: User should be able to register successfully with a valid email           # src/test/resources/features/Registration.feature:8
✅ Sauce Labs connected: oauth-rezaacca12-890df
Application launched
  Given User launches the application                                               # stepdefinitions.CommonSteps.user_launches_the_application()
User is on homepage
  And User is on homepage                                                           # stepdefinitions.CommonSteps.user_is_on_homepage()
  When User navigates to registration page                                          # stepdefinitions.RegistrationSteps.user_navigates_to_registration_page()
  And User enters valid registration details with email "rezaulkarimqa25@gmail.com" # stepdefinitions.RegistrationSteps.user_enters_valid_registration_details_with_email(java.lang.String)
  And User clicks on register button                                                # stepdefinitions.RegistrationSteps.user_clicks_on_register_button()
  Then User should be registered successfully                                       # stepdefinitions.RegistrationSteps.user_should_be_registered_successfully()
]]></system-out>
    <system-err><![CDATA[[main] INFO io.github.bonigarcia.wdm.WebDriverManager - Using chromedriver 147.0.7727.117 (resolved driver for Chrome 147)
[main] INFO io.github.bonigarcia.wdm.WebDriverManager - Exporting webdriver.chrome.driver as C:\Users\rezau\.cache\selenium\chromedriver\win64\147.0.7727.117\chromedriver.exe
May 01, 2026 10:17:30 PM org.openqa.selenium.devtools.CdpVersionFinder findNearestMatch
WARNING: Unable to find CDP implementation matching 147
May 01, 2026 10:17:30 PM org.openqa.selenium.chromium.ChromiumDriver lambda$new$5
WARNING: Unable to find version of CDP to use for 147.0.7727.138. You may need to include a dependency on a specific version of the CDP using something similar to `org.seleniumhq.selenium:selenium-devtools-v86:4.25.0` where the version ("v86") matches the version of the chromium-based browser you're using and the version number of the artifact is the same as Selenium's.
]]></system-err>
  </testcase>
  <testcase name="runScenario[&quot;User should not be able to register with invalid email&quot;, &quot;User Registration&quot;](9)" classname="runners.TestRunner" time="16.105">
    <system-out><![CDATA[
@regression @Registration
Scenario: User should not be able to register with invalid email             # src/test/resources/features/Registration.feature:15
✅ Sauce Labs connected: oauth-rezaacca12-890df
Application launched
  Given User launches the application                                        # stepdefinitions.CommonSteps.user_launches_the_application()
User is on homepage
  And User is on homepage                                                    # stepdefinitions.CommonSteps.user_is_on_homepage()
  When User navigates to registration page                                   # stepdefinitions.RegistrationSteps.user_navigates_to_registration_page()
  And User enters registration details with email "rezaulkarimqa25gmail.com" # stepdefinitions.RegistrationSteps.user_enters_registration_details_with_email(java.lang.String)
  And User clicks on register button                                         # stepdefinitions.RegistrationSteps.user_clicks_on_register_button()
  Then Email validation error message should be displayed                    # stepdefinitions.RegistrationSteps.email_validation_error_message_should_be_displayed()
]]></system-out>
    <system-err><![CDATA[[main] INFO io.github.bonigarcia.wdm.WebDriverManager - Using chromedriver 147.0.7727.117 (resolved driver for Chrome 147)
[main] INFO io.github.bonigarcia.wdm.WebDriverManager - Exporting webdriver.chrome.driver as C:\Users\rezau\.cache\selenium\chromedriver\win64\147.0.7727.117\chromedriver.exe
May 01, 2026 10:17:49 PM org.openqa.selenium.devtools.CdpVersionFinder findNearestMatch
WARNING: Unable to find CDP implementation matching 147
May 01, 2026 10:17:49 PM org.openqa.selenium.chromium.ChromiumDriver lambda$new$5
WARNING: Unable to find version of CDP to use for 147.0.7727.138. You may need to include a dependency on a specific version of the CDP using something similar to `org.seleniumhq.selenium:selenium-devtools-v86:4.25.0` where the version ("v86") matches the version of the chromium-based browser you're using and the version number of the artifact is the same as Selenium's.
]]></system-err>
  </testcase>
  <testcase name="runScenario[&quot;R-01 Add multiple products to cart&quot;, &quot;Regression Test Suite&quot;](10)" classname="runners.TestRunner" time="22.739">
    <system-out><![CDATA[
@regression
Scenario: R-01 Add multiple products to cart # src/test/resources/features/RegressionTests.feature:3
✅ Sauce Labs connected: oauth-rezaacca12-890df
Application launched
  Given User launches the application        # stepdefinitions.CommonSteps.user_launches_the_application()
  When User adds products to cart            # stepdefinitions.CartSteps.user_adds_products_to_cart()
Products added successfully
  Then Products should be added successfully # stepdefinitions.CommonSteps.products_should_be_added_successfully()
]]></system-out>
    <system-err><![CDATA[[main] INFO io.github.bonigarcia.wdm.WebDriverManager - Using chromedriver 147.0.7727.117 (resolved driver for Chrome 147)
[main] INFO io.github.bonigarcia.wdm.WebDriverManager - Exporting webdriver.chrome.driver as C:\Users\rezau\.cache\selenium\chromedriver\win64\147.0.7727.117\chromedriver.exe
May 01, 2026 10:18:05 PM org.openqa.selenium.devtools.CdpVersionFinder findNearestMatch
WARNING: Unable to find CDP implementation matching 147
May 01, 2026 10:18:05 PM org.openqa.selenium.chromium.ChromiumDriver lambda$new$5
WARNING: Unable to find version of CDP to use for 147.0.7727.138. You may need to include a dependency on a specific version of the CDP using something similar to `org.seleniumhq.selenium:selenium-devtools-v86:4.25.0` where the version ("v86") matches the version of the chromium-based browser you're using and the version number of the artifact is the same as Selenium's.
]]></system-err>
  </testcase>
  <testcase name="runScenario[&quot;R-02 Update product quantity&quot;, &quot;Regression Test Suite&quot;](11)" classname="runners.TestRunner" time="13.42">
    <system-out><![CDATA[
@regression
Scenario: R-02 Update product quantity # src/test/resources/features/RegressionTests.feature:8
✅ Sauce Labs connected: oauth-rezaacca12-890df
Application launched
  Given User launches the application  # stepdefinitions.CommonSteps.user_launches_the_application()
Product quantity updated
  When User updates product quantity   # stepdefinitions.RegressionSteps.user_updates_product_quantity()
Verifying updated quantity...
  Then Quantity should be updated      # stepdefinitions.RegressionSteps.quantity_should_be_updated()
]]></system-out>
    <system-err><![CDATA[[main] INFO io.github.bonigarcia.wdm.WebDriverManager - Using chromedriver 147.0.7727.117 (resolved driver for Chrome 147)
[main] INFO io.github.bonigarcia.wdm.WebDriverManager - Exporting webdriver.chrome.driver as C:\Users\rezau\.cache\selenium\chromedriver\win64\147.0.7727.117\chromedriver.exe
May 01, 2026 10:18:28 PM org.openqa.selenium.devtools.CdpVersionFinder findNearestMatch
WARNING: Unable to find CDP implementation matching 147
May 01, 2026 10:18:28 PM org.openqa.selenium.chromium.ChromiumDriver lambda$new$5
WARNING: Unable to find version of CDP to use for 147.0.7727.138. You may need to include a dependency on a specific version of the CDP using something similar to `org.seleniumhq.selenium:selenium-devtools-v86:4.25.0` where the version ("v86") matches the version of the chromium-based browser you're using and the version number of the artifact is the same as Selenium's.
]]></system-err>
  </testcase>
  <testcase name="runScenario[&quot;R-03 Search invalid item&quot;, &quot;Regression Test Suite&quot;](12)" classname="runners.TestRunner" time="12.948">
    <system-out><![CDATA[
@regression
Scenario: R-03 Search invalid item    # src/test/resources/features/RegressionTests.feature:13
✅ Sauce Labs connected: oauth-rezaacca12-890df
Application launched
  Given User launches the application # stepdefinitions.CommonSteps.user_launches_the_application()
Invalid item searched
  When User searches for invalid item # stepdefinitions.RegressionSteps.user_searches_for_invalid_item()
No search result displayed
  Then No result should be displayed  # stepdefinitions.RegressionSteps.no_result_should_be_displayed()
]]></system-out>
    <system-err><![CDATA[[main] INFO io.github.bonigarcia.wdm.WebDriverManager - Using chromedriver 147.0.7727.117 (resolved driver for Chrome 147)
[main] INFO io.github.bonigarcia.wdm.WebDriverManager - Exporting webdriver.chrome.driver as C:\Users\rezau\.cache\selenium\chromedriver\win64\147.0.7727.117\chromedriver.exe
May 01, 2026 10:18:42 PM org.openqa.selenium.devtools.CdpVersionFinder findNearestMatch
WARNING: Unable to find CDP implementation matching 147
May 01, 2026 10:18:42 PM org.openqa.selenium.chromium.ChromiumDriver lambda$new$5
WARNING: Unable to find version of CDP to use for 147.0.7727.138. You may need to include a dependency on a specific version of the CDP using something similar to `org.seleniumhq.selenium:selenium-devtools-v86:4.25.0` where the version ("v86") matches the version of the chromium-based browser you're using and the version number of the artifact is the same as Selenium's.
]]></system-err>
  </testcase>
  <testcase name="runScenario[&quot;S-01 Verify Home page loads&quot;, &quot;Smoke Tests&quot;](13)" classname="runners.TestRunner" time="14.006">
    <system-out><![CDATA[
@smoke
Scenario: S-01 Verify Home page loads     # src/test/resources/features/SmokeTests.feature:3
✅ Sauce Labs connected: oauth-rezaacca12-890df
Application launched
  Given User launches the application     # stepdefinitions.CommonSteps.user_launches_the_application()
Home page loaded successfully
  Then Home page should load successfully # stepdefinitions.CommonSteps.home_page_should_load_successfully()
]]></system-out>
    <system-err><![CDATA[[main] INFO io.github.bonigarcia.wdm.WebDriverManager - Using chromedriver 147.0.7727.117 (resolved driver for Chrome 147)
[main] INFO io.github.bonigarcia.wdm.WebDriverManager - Exporting webdriver.chrome.driver as C:\Users\rezau\.cache\selenium\chromedriver\win64\147.0.7727.117\chromedriver.exe
May 01, 2026 10:18:55 PM org.openqa.selenium.devtools.CdpVersionFinder findNearestMatch
WARNING: Unable to find CDP implementation matching 147
May 01, 2026 10:18:55 PM org.openqa.selenium.chromium.ChromiumDriver lambda$new$5
WARNING: Unable to find version of CDP to use for 147.0.7727.138. You may need to include a dependency on a specific version of the CDP using something similar to `org.seleniumhq.selenium:selenium-devtools-v86:4.25.0` where the version ("v86") matches the version of the chromium-based browser you're using and the version number of the artifact is the same as Selenium's.
]]></system-err>
  </testcase>
  <testcase name="runScenario[&quot;S-02 Verify navigation links&quot;, &quot;Smoke Tests&quot;](14)" classname="runners.TestRunner" time="13.346">
    <system-out><![CDATA[
@smoke
Scenario: S-02 Verify navigation links        # src/test/resources/features/SmokeTests.feature:7
✅ Sauce Labs connected: oauth-rezaacca12-890df
Application launched
  Given User launches the application         # stepdefinitions.CommonSteps.user_launches_the_application()
Catalog, About, Blog clicked
  When User clicks on Catalog, About and Blog # stepdefinitions.SmokeSteps.user_clicks_on_catalog_about_and_blog()
Pages navigated correctly
  Then Pages should navigate correctly        # stepdefinitions.SmokeSteps.pages_should_navigate_correctly()
]]></system-out>
    <system-err><![CDATA[[main] INFO io.github.bonigarcia.wdm.WebDriverManager - Using chromedriver 147.0.7727.117 (resolved driver for Chrome 147)
[main] INFO io.github.bonigarcia.wdm.WebDriverManager - Exporting webdriver.chrome.driver as C:\Users\rezau\.cache\selenium\chromedriver\win64\147.0.7727.117\chromedriver.exe
May 01, 2026 10:19:09 PM org.openqa.selenium.devtools.CdpVersionFinder findNearestMatch
WARNING: Unable to find CDP implementation matching 147
May 01, 2026 10:19:09 PM org.openqa.selenium.chromium.ChromiumDriver lambda$new$5
WARNING: Unable to find version of CDP to use for 147.0.7727.138. You may need to include a dependency on a specific version of the CDP using something similar to `org.seleniumhq.selenium:selenium-devtools-v86:4.25.0` where the version ("v86") matches the version of the chromium-based browser you're using and the version number of the artifact is the same as Selenium's.
]]></system-err>
  </testcase>
  <testcase name="runScenario[&quot;S-03 Verify wish list and refer a friend&quot;, &quot;Smoke Tests&quot;](15)" classname="runners.TestRunner" time="13.553">
    <system-out><![CDATA[
@smoke
Scenario: S-03 Verify wish list and refer a friend # src/test/resources/features/SmokeTests.feature:12
✅ Sauce Labs connected: oauth-rezaacca12-890df
Application launched
  Given User launches the application              # stepdefinitions.CommonSteps.user_launches_the_application()
Wishlist and Refer a Friend clicked
  When User clicks on Wish list and Refer a Friend # stepdefinitions.SmokeSteps.user_clicks_on_wish_list_and_refer_a_friend()
Pages opened successfully
  Then Pages should open successfully              # stepdefinitions.SmokeSteps.pages_should_open_successfully()
]]></system-out>
    <system-err><![CDATA[[main] INFO io.github.bonigarcia.wdm.WebDriverManager - Using chromedriver 147.0.7727.117 (resolved driver for Chrome 147)
[main] INFO io.github.bonigarcia.wdm.WebDriverManager - Exporting webdriver.chrome.driver as C:\Users\rezau\.cache\selenium\chromedriver\win64\147.0.7727.117\chromedriver.exe
May 01, 2026 10:19:22 PM org.openqa.selenium.devtools.CdpVersionFinder findNearestMatch
WARNING: Unable to find CDP implementation matching 147
May 01, 2026 10:19:22 PM org.openqa.selenium.chromium.ChromiumDriver lambda$new$5
WARNING: Unable to find version of CDP to use for 147.0.7727.138. You may need to include a dependency on a specific version of the CDP using something similar to `org.seleniumhq.selenium:selenium-devtools-v86:4.25.0` where the version ("v86") matches the version of the chromium-based browser you're using and the version number of the artifact is the same as Selenium's.
]]></system-err>
  </testcase>
</testsuite>