<?xml version="1.0" encoding="UTF-8"?>
<!-- Generated by org.testng.reporters.JUnitReportReporter -->
<testsuite hostname="REZA" failures="1" tests="15" name="runners.TestRunner" time="347.214" errors="0" timestamp="2026-05-01T22:19:35 EDT" skipped="0">
  <testcase classname="runners.TestRunner" name="runScenario" time="18.490"/>
  <testcase classname="runners.TestRunner" name="runScenario" time="22.751"/>
  <testcase classname="runners.TestRunner" name="runScenario" time="43.178"/>
  <testcase classname="runners.TestRunner" name="runScenario" time="67.286"/>
  <testcase classname="runners.TestRunner" name="runScenario" time="16.930"/>
  <testcase classname="runners.TestRunner" name="runScenario" time="18.966"/>
  <testcase classname="runners.TestRunner" name="runScenario" time="13.424"/>
  <testcase classname="runners.TestRunner" name="runScenario" time="23.658"/>
  <testcase classname="runners.TestRunner" name="runScenario" time="14.014"/>
  <testcase classname="runners.TestRunner" name="runScenario" time="16.085"/>
  <testcase classname="runners.TestRunner" name="runScenario" time="36.456">
    <failure message="❌ Product was not found in the cart after adding expected [true] but found [false]" type="java.lang.AssertionError">
      <![CDATA[java.lang.AssertionError: ❌ Product was not found in the cart after adding expected [true] but found [false]
at org.testng.Assert.fail(Assert.java:111)
at org.testng.Assert.failNotEquals(Assert.java:1578)
at org.testng.Assert.assertTrue(Assert.java:57)
at stepdefinitions.CartSteps.product_should_appear_in_cart(CartSteps.java:29)
at ✽.Product should appear in cart(file:///C:/Users/rezau/eclipse-workspace/qaBrainSauceLabAutomation/src/test/resources/features/CartCheckout.feature:10)
]]>
    </failure>
  </testcase> <!-- runScenario -->
  <testcase classname="runners.TestRunner" name="runScenario" time="13.356"/>
  <testcase classname="runners.TestRunner" name="runScenario" time="13.560"/>
  <testcase classname="runners.TestRunner" name="runScenario" time="16.108"/>
  <testcase classname="runners.TestRunner" name="runScenario" time="12.952"/>
</testsuite> <!-- runners.TestRunner -->
